host: LAPTOP-DRG6QRID
Building DAG of jobs...
Using shell: /usr/bin/bash
Provided cores: 8
Rules claiming more threads will be scaled down.
Job stats:
job         count
--------  -------
all             1
flagstat        1
sort_bam        1
total           3

Select jobs to execute...
Execute 1 jobs...

[Sun Dec 22 12:59:57 2024]
localrule sort_bam:
    input: aligned_reads.bam
    output: aligned_reads_sorted.bam
    jobid: 2
    reason: Updated input files: aligned_reads.bam
    resources: tmpdir=/tmp

[Sun Dec 22 13:00:25 2024]
Finished job 2.
1 of 3 steps (33%) done
Select jobs to execute...
Execute 1 jobs...

[Sun Dec 22 13:00:26 2024]
localrule flagstat:
    input: aligned_reads_sorted.bam
    output: mapping_quality_report.txt
    jobid: 1
    reason: Input files updated by another job: aligned_reads_sorted.bam
    resources: tmpdir=/tmp

[Sun Dec 22 13:00:27 2024]
Finished job 1.
2 of 3 steps (67%) done
Select jobs to execute...
Execute 1 jobs...

[Sun Dec 22 13:00:27 2024]
localrule all:
    input: mapping_quality_report.txt
    jobid: 0
    reason: Input files updated by another job: mapping_quality_report.txt
    resources: tmpdir=/tmp

[Sun Dec 22 13:00:27 2024]
Finished job 0.
3 of 3 steps (100%) done
Complete log: .snakemake/log/2024-12-22T125957.696038.snakemake.log
